The system is: Windows - 10.0.22631 - AMD64
Compiling the C compiler identification source file "CMakeCCompilerId.c" succeeded.
Compiler: D:/Program Files/Microsoft Visual Studio/2022/Professional/VC/Tools/MSVC/14.36.32532/bin/Hostx64/x64/cl.exe 
Build flags: 
Id flags:  

The output was:
0
用于 x64 的 Microsoft (R) C/C++ 优化编译器 19.36.32534 版
版权所有(C) Microsoft Corporation。保留所有权利。

CMakeCCompilerId.c
Microsoft (R) Incremental Linker Version 14.36.32534.0
Copyright (C) Microsoft Corporation.  All rights reserved.

/out:CMakeCCompilerId.exe 
CMakeCCompilerId.obj 


Compilation of the C compiler identification source "CMakeCCompilerId.c" produced "CMakeCCompilerId.exe"

Compilation of the C compiler identification source "CMakeCCompilerId.c" produced "CMakeCCompilerId.obj"

The C compiler identification is MSVC, found in "C:/Users/WuXiangGuJun/CodeSpace/ClionCodeProjects/CPP_Projects/Skia_glfw/cmake-build-debug/CMakeFiles/3.25.2/CompilerIdC/CMakeCCompilerId.exe"

Compiling the CXX compiler identification source file "CMakeCXXCompilerId.cpp" succeeded.
Compiler: D:/Program Files/Microsoft Visual Studio/2022/Professional/VC/Tools/MSVC/14.36.32532/bin/Hostx64/x64/cl.exe 
Build flags: 
Id flags:  

The output was:
0
用于 x64 的 Microsoft (R) C/C++ 优化编译器 19.36.32534 版
版权所有(C) Microsoft Corporation。保留所有权利。

CMakeCXXCompilerId.cpp
Microsoft (R) Incremental Linker Version 14.36.32534.0
Copyright (C) Microsoft Corporation.  All rights reserved.

/out:CMakeCXXCompilerId.exe 
CMakeCXXCompilerId.obj 


Compilation of the CXX compiler identification source "CMakeCXXCompilerId.cpp" produced "CMakeCXXCompilerId.exe"

Compilation of the CXX compiler identification source "CMakeCXXCompilerId.cpp" produced "CMakeCXXCompilerId.obj"

The CXX compiler identification is MSVC, found in "C:/Users/WuXiangGuJun/CodeSpace/ClionCodeProjects/CPP_Projects/Skia_glfw/cmake-build-debug/CMakeFiles/3.25.2/CompilerIdCXX/CMakeCXXCompilerId.exe"

Detecting C compiler ABI info compiled with the following output:
Change Dir: C:/Users/WuXiangGuJun/CodeSpace/ClionCodeProjects/CPP_Projects/Skia_glfw/cmake-build-debug/CMakeFiles/CMakeScratch/TryCompile-gx94pp

Run Build Command(s):D:/Program Files/JetBrains/Toolbox/apps/CLion/ch-0/232.7295.14/bin/ninja/win/x64/ninja.exe cmTC_c4356 && [1/2] Building C object CMakeFiles\cmTC_c4356.dir\CMakeCCompilerABI.c.obj
[2/2] Linking C executable cmTC_c4356.exe



Detecting CXX compiler ABI info compiled with the following output:
Change Dir: C:/Users/WuXiangGuJun/CodeSpace/ClionCodeProjects/CPP_Projects/Skia_glfw/cmake-build-debug/CMakeFiles/CMakeScratch/TryCompile-jybfbf

Run Build Command(s):D:/Program Files/JetBrains/Toolbox/apps/CLion/ch-0/232.7295.14/bin/ninja/win/x64/ninja.exe cmTC_578f4 && [1/2] Building CXX object CMakeFiles\cmTC_578f4.dir\CMakeCXXCompilerABI.cpp.obj
[2/2] Linking CXX executable cmTC_578f4.exe



